[2026-06-04 03:50:53] СТАРТ — Контроллер инициализирован, источник: ListBookDAO
[2026-06-04 03:50:53] ЗАГРУЗКА — Загружено книг: 5
[2026-06-04 03:51:02] СТАРТ — Контроллер инициализирован, источник: ListBookDAO
[2026-06-04 03:51:02] ЗАГРУЗКА — Загружено книг: 5
[2026-06-04 03:51:03] СТАРТ — Контроллер инициализирован, источник: ListBookDAO
[2026-06-04 03:51:03] ЗАГРУЗКА — Загружено книг: 5
[2026-06-04 03:51:26] ДОБАВЛЕНИЕ — Книга: "кеша" id=6
[2026-06-04 03:51:30] СТАРТ — Контроллер инициализирован, источник: ListBookDAO
[2026-06-04 03:51:30] ЗАГРУЗКА — Загружено книг: 5
[2026-06-04 03:51:33] СТАРТ — Контроллер инициализирован, источник: ListBookDAO
[2026-06-04 03:51:33] ЗАГРУЗКА — Загружено книг: 5
[2026-06-04 03:51:40] ДОБАВЛЕНИЕ — Книга: "й" id=6
[2026-06-04 03:51:48] СТАТУС — Книга: "Процесс" → Доступна
[2026-06-04 03:51:49] СТАТУС — Книга: "Процесс" → Выдана
[2026-06-04 03:51:51] СТАТУС — Книга: "Процесс" → Доступна
[2026-06-04 03:51:57] СТАРТ — Контроллер инициализирован, источник: ListBookDAO
[2026-06-04 03:51:57] ЗАГРУЗКА — Загружено книг: 5
[2026-06-04 03:52:01] СТАТУС — Книга: "1984" → Выдана
[2026-06-04 03:52:03] СТАТУС — Книга: "Мастер и Маргарита" → Выдана
[2026-06-04 03:56:41] СТАРТ — Контроллер инициализирован, источник: ListBookDAO
[2026-06-04 03:56:41] ЗАГРУЗКА — Загружено книг: 5
[2026-06-04 03:58:30] СТАРТ — Контроллер инициализирован, источник: ListBookDAO
[2026-06-04 03:58:30] ЗАГРУЗКА — Загружено книг: 14
[2026-06-04 03:58:56] СТАРТ — Контроллер инициализирован, источник: ListBookDAO
[2026-06-04 03:58:56] ЗАГРУЗКА — Загружено книг: 14
[2026-06-04 04:13:33] СТАРТ — Контроллер инициализирован, источник: ListBookDAO
[2026-06-04 04:13:33] ЗАГРУЗКА — Загружено книг: 14
[2026-06-04 04:13:38] СТАРТ — Контроллер инициализирован, источник: FileBookDAO
[2026-06-04 04:13:38] ЗАГРУЗКА — Загружено книг: 0
[2026-06-04 04:13:40] СТАРТ — Контроллер инициализирован, источник: FileBookDAO
[2026-06-04 04:13:40] ЗАГРУЗКА — Загружено книг: 0
[2026-06-04 04:13:41] СТАРТ — Контроллер инициализирован, источник: FileBookDAO
[2026-06-04 04:13:41] ЗАГРУЗКА — Загружено книг: 0
[2026-06-04 04:16:48] СТАРТ — Контроллер инициализирован, источник: ListBookDAO
[2026-06-04 04:16:48] ЗАГРУЗКА — Загружено книг: 14
[2026-06-04 04:16:50] СТАРТ — Контроллер инициализирован, источник: FileBookDAO
[2026-06-04 04:16:50] ЗАГРУЗКА — Загружено книг: 14
[2026-06-04 04:16:55] СТАРТ — Контроллер инициализирован, источник: ListBookDAO
[2026-06-04 04:16:55] ЗАГРУЗКА — Загружено книг: 14
[2026-06-04 04:17:05] СТАРТ — Контроллер инициализирован, источник: FileBookDAO
[2026-06-04 04:17:05] ЗАГРУЗКА — Загружено книг: 14
[2026-06-04 04:17:41] СТАРТ — Контроллер инициализирован, источник: ListBookDAO
[2026-06-04 04:17:41] ЗАГРУЗКА — Загружено книг: 14
[2026-06-04 04:17:43] СТАРТ — Контроллер инициализирован, источник: ListBookDAO
[2026-06-04 04:17:43] ЗАГРУЗКА — Загружено книг: 14
[2026-06-04 04:17:44] СТАРТ — Контроллер инициализирован, источник: FileBookDAO
[2026-06-04 04:17:44] ЗАГРУЗКА — Загружено книг: 5
[2026-06-04 04:17:47] СТАРТ — Контроллер инициализирован, источник: ListBookDAO
[2026-06-04 04:17:47] ЗАГРУЗКА — Загружено книг: 14
[2026-06-04 04:17:49] СТАРТ — Контроллер инициализирован, источник: FileBookDAO
[2026-06-04 04:17:49] ЗАГРУЗКА — Загружено книг: 5
[2026-06-04 04:17:51] СТАРТ — Контроллер инициализирован, источник: ListBookDAO
[2026-06-04 04:17:51] ЗАГРУЗКА — Загружено книг: 14
[2026-06-04 04:17:55] СТАРТ — Контроллер инициализирован, источник: FileBookDAO
[2026-06-04 04:17:55] ЗАГРУЗКА — Загружено книг: 5
[2026-06-04 04:17:57] УДАЛЕНИЕ — Книга: "Война и мир"
[2026-06-04 04:17:58] СТАРТ — Контроллер инициализирован, источник: FileBookDAO
[2026-06-04 04:17:58] ЗАГРУЗКА — Загружено книг: 4
[2026-06-04 04:18:00] СТАРТ — Контроллер инициализирован, источник: FileBookDAO
[2026-06-04 04:18:00] ЗАГРУЗКА — Загружено книг: 4
[2026-06-04 04:18:05] СТАРТ — Контроллер инициализирован, источник: ListBookDAO
[2026-06-04 04:18:05] ЗАГРУЗКА — Загружено книг: 14
[2026-06-04 04:18:07] СТАРТ — Контроллер инициализирован, источник: FileBookDAO
[2026-06-04 04:18:07] ЗАГРУЗКА — Загружено книг: 4
[2026-06-04 04:18:13] СТАРТ — Контроллер инициализирован, источник: ListBookDAO
[2026-06-04 04:18:13] ЗАГРУЗКА — Загружено книг: 14
[2026-06-04 04:22:45] СТАРТ — Контроллер инициализирован, источник: ListBookDAO
[2026-06-04 04:22:45] ЗАГРУЗКА — Загружено книг: 14
[2026-06-04 04:22:48] СТАРТ — Контроллер инициализирован, источник: DatabaseBookDAO
[2026-06-04 04:22:48] ЗАГРУЗКА — Загружено книг: 0
[2026-06-04 04:23:02] ДОБАВЛЕНИЕ — Книга: "Неймар" id=1
[2026-06-04 04:23:04] СТАРТ — Контроллер инициализирован, источник: DatabaseBookDAO
[2026-06-04 04:23:04] ЗАГРУЗКА — Загружено книг: 1
[2026-06-04 04:23:07] СТАРТ — Контроллер инициализирован, источник: ListBookDAO
[2026-06-04 04:23:07] ЗАГРУЗКА — Загружено книг: 14
[2026-06-04 04:23:09] СТАРТ — Контроллер инициализирован, источник: FileBookDAO
[2026-06-04 04:23:09] ЗАГРУЗКА — Загружено книг: 4
[2026-06-04 04:23:11] СТАРТ — Контроллер инициализирован, источник: DatabaseBookDAO
[2026-06-04 04:23:11] ЗАГРУЗКА — Загружено книг: 1
[2026-06-04 04:23:17] СТАРТ — Контроллер инициализирован, источник: ListBookDAO
[2026-06-04 04:23:17] ЗАГРУЗКА — Загружено книг: 14
[2026-06-04 04:23:20] СТАРТ — Контроллер инициализирован, источник: DatabaseBookDAO
[2026-06-04 04:23:20] ЗАГРУЗКА — Загружено книг: 1
[2026-06-04 04:30:17] СТАРТ — Контроллер инициализирован, источник: ListBookDAO
[2026-06-04 04:30:17] ЗАГРУЗКА — Загружено книг: 14
[2026-06-04 04:30:25] СТАРТ — Контроллер инициализирован, источник: DatabaseBookDAO
[2026-06-04 04:30:25] ЗАГРУЗКА — Загружено книг: 1
[2026-06-04 04:30:34] СТАРТ — Контроллер инициализирован, источник: ListBookDAO
[2026-06-04 04:30:34] ЗАГРУЗКА — Загружено книг: 14
[2026-06-04 04:31:23] ДОБАВЛЕНИЕ — Книга: "wewe" id=15
[2026-06-04 04:31:27] ДОБАВЛЕНИЕ — Книга: "212" id=16
[2026-06-04 04:31:39] СТАРТ — Контроллер инициализирован, источник: FileBookDAO
[2026-06-04 04:31:39] ЗАГРУЗКА — Загружено книг: 14
[2026-06-04 04:31:41] СТАРТ — Контроллер инициализирован, источник: FileBookDAO
[2026-06-04 04:31:41] ЗАГРУЗКА — Загружено книг: 14
[2026-06-04 04:31:45] СТАРТ — Контроллер инициализирован, источник: DatabaseBookDAO
[2026-06-04 04:31:45] ЗАГРУЗКА — Загружено книг: 14
[2026-06-04 04:31:47] СТАРТ — Контроллер инициализирован, источник: DatabaseBookDAO
[2026-06-04 04:31:47] ЗАГРУЗКА — Загружено книг: 14
[2026-06-04 04:32:58] СТАРТ — Контроллер инициализирован, источник: FileBookDAO
[2026-06-04 04:32:58] ЗАГРУЗКА — Загружено книг: 5
[2026-06-04 04:33:06] СТАРТ — Контроллер инициализирован, источник: ListBookDAO
[2026-06-04 04:33:06] ЗАГРУЗКА — Загружено книг: 14
[2026-06-04 04:33:18] ДОБАВЛЕНИЕ — Книга: "лялял" id=15
[2026-06-04 04:33:28] СТАРТ — Контроллер инициализирован, источник: FileBookDAO
[2026-06-04 04:33:28] ЗАГРУЗКА — Загружено книг: 14
[2026-06-04 04:33:33] СТАРТ — Контроллер инициализирован, источник: DatabaseBookDAO
[2026-06-04 04:33:33] ЗАГРУЗКА — Загружено книг: 14
[2026-06-04 04:33:46] СТАРТ — Контроллер инициализирован, источник: FileBookDAO
[2026-06-04 04:33:46] ЗАГРУЗКА — Загружено книг: 6
[2026-06-04 04:34:25] СТАРТ — Контроллер инициализирован, источник: DatabaseBookDAO
[2026-06-04 04:34:25] ЗАГРУЗКА — Загружено книг: 14
[2026-06-04 04:34:25] СТАРТ — Контроллер инициализирован, источник: DatabaseBookDAO
[2026-06-04 04:34:25] ЗАГРУЗКА — Загружено книг: 14
[2026-06-04 04:34:27] СТАРТ — Контроллер инициализирован, источник: ListBookDAO
[2026-06-04 04:34:27] ЗАГРУЗКА — Загружено книг: 14
[2026-06-04 04:34:28] УДАЛЕНИЕ — Книга: "Мастер и Маргарита"
[2026-06-04 04:34:30] УДАЛЕНИЕ — Книга: "Война и мир"
[2026-06-04 04:34:31] УДАЛЕНИЕ — Книга: "Преступление и наказание"
[2026-06-04 04:34:32] УДАЛЕНИЕ — Книга: "Анна Каренина"
[2026-06-04 04:34:37] СТАРТ — Контроллер инициализирован, источник: FileBookDAO
[2026-06-04 04:34:37] ЗАГРУЗКА — Загружено книг: 14
[2026-06-04 04:34:42] СТАРТ — Контроллер инициализирован, источник: FileBookDAO
[2026-06-04 04:34:42] ЗАГРУЗКА — Загружено книг: 14
[2026-06-04 04:34:43] СТАРТ — Контроллер инициализирован, источник: DatabaseBookDAO
[2026-06-04 04:34:43] ЗАГРУЗКА — Загружено книг: 14
[2026-06-04 04:34:45] СТАРТ — Контроллер инициализирован, источник: ListBookDAO
[2026-06-04 04:34:45] ЗАГРУЗКА — Загружено книг: 14
[2026-06-04 04:41:32] СТАРТ — Контроллер инициализирован, источник: ListBookDAO
[2026-06-04 04:41:32] ЗАГРУЗКА — Загружено книг: 14
[2026-06-04 04:41:57] СТАРТ — Контроллер инициализирован, источник: ListBookDAO
[2026-06-04 04:41:57] ЗАГРУЗКА — Загружено книг: 14
[2026-06-04 04:42:31] СТАРТ — Контроллер инициализирован, источник: ListBookDAO
[2026-06-04 04:42:31] ЗАГРУЗКА — Загружено книг: 14
[2026-06-04 04:42:35] СТАРТ — Контроллер инициализирован, источник: ListBookDAO
[2026-06-04 04:42:35] ЗАГРУЗКА — Загружено книг: 14
[2026-06-04 04:42:40] СТАРТ — Контроллер инициализирован, источник: ListBookDAO
[2026-06-04 04:42:40] ЗАГРУЗКА — Загружено книг: 14
[2026-06-04 04:42:42] СТАРТ — Контроллер инициализирован, источник: ListBookDAO
[2026-06-04 04:42:42] ЗАГРУЗКА — Загружено книг: 14
[2026-06-04 04:42:43] СТАРТ — Контроллер инициализирован, источник: ListBookDAO
[2026-06-04 04:42:43] ЗАГРУЗКА — Загружено книг: 14
[2026-06-04 04:42:43] СТАРТ — Контроллер инициализирован, источник: ListBookDAO
[2026-06-04 04:42:43] ЗАГРУЗКА — Загружено книг: 14
[2026-06-04 04:42:43] СТАРТ — Контроллер инициализирован, источник: ListBookDAO
[2026-06-04 04:42:43] ЗАГРУЗКА — Загружено книг: 14
[2026-06-04 04:42:43] СТАРТ — Контроллер инициализирован, источник: ListBookDAO
[2026-06-04 04:42:43] ЗАГРУЗКА — Загружено книг: 14
[2026-06-04 04:42:49] СТАРТ — Контроллер инициализирован, источник: ListBookDAO
[2026-06-04 04:42:49] ЗАГРУЗКА — Загружено книг: 14
[2026-06-04 04:42:50] СТАРТ — Контроллер инициализирован, источник: ListBookDAO
[2026-06-04 04:42:50] ЗАГРУЗКА — Загружено книг: 14
[2026-06-04 04:42:55] УДАЛЕНИЕ — Книга: "Преступление и наказание"
[2026-06-04 04:42:58] УДАЛЕНИЕ — Книга: "Мастер и Маргарита"
[2026-06-04 04:43:00] УДАЛЕНИЕ — Книга: "Война и мир"
[2026-06-04 04:43:01] СТАРТ — Контроллер инициализирован, источник: ListBookDAO
[2026-06-04 04:43:01] ЗАГРУЗКА — Загружено книг: 11
[2026-06-04 04:43:06] СТАРТ — Контроллер инициализирован, источник: ListBookDAO
[2026-06-04 04:43:06] ЗАГРУЗКА — Загружено книг: 11
[2026-06-04 04:43:10] СТАРТ — Контроллер инициализирован, источник: ListBookDAO
[2026-06-04 04:43:10] ЗАГРУЗКА — Загружено книг: 11
[2026-06-04 04:43:49] СТАРТ — Контроллер инициализирован, источник: ListBookDAO
[2026-06-04 04:43:49] ЗАГРУЗКА — Загружено книг: 14
[2026-06-04 04:44:01] СТАРТ — Контроллер инициализирован, источник: ListBookDAO
[2026-06-04 04:44:01] ЗАГРУЗКА — Загружено книг: 14
[2026-06-04 04:44:07] СТАРТ — Контроллер инициализирован, источник: ListBookDAO
[2026-06-04 04:44:07] ЗАГРУЗКА — Загружено книг: 14
[2026-06-04 04:44:49] СТАРТ — Контроллер инициализирован, источник: ListBookDAO
[2026-06-04 04:44:49] ЗАГРУЗКА — Загружено книг: 14
[2026-06-04 04:49:23] СТАРТ — Контроллер инициализирован, источник: FileBookDAO
[2026-06-04 04:49:23] ЗАГРУЗКА — Загружено книг: 0
[2026-06-04 04:49:31] СТАРТ — Контроллер инициализирован, источник: ListBookDAO
[2026-06-04 04:49:31] ЗАГРУЗКА — Загружено книг: 14
[2026-06-04 04:49:35] СТАРТ — Контроллер инициализирован, источник: DatabaseBookDAO
[2026-06-04 04:49:35] ЗАГРУЗКА — Загружено книг: 14
[2026-06-04 04:56:26] СТАРТ — Контроллер инициализирован, источник: ListBookDAO
[2026-06-04 04:56:26] ЗАГРУЗКА — Загружено книг: 14
[2026-06-04 04:56:31] СТАРТ — Контроллер инициализирован, источник: FileBookDAO
[2026-06-04 04:56:31] ЗАГРУЗКА — Загружено книг: 0
[2026-06-04 04:56:45] СТАРТ — Контроллер инициализирован, источник: FileBookDAO
[2026-06-04 04:56:45] ЗАГРУЗКА — Загружено книг: 0
[2026-06-04 04:56:56] СТАРТ — Контроллер инициализирован, источник: DatabaseBookDAO
[2026-06-04 04:56:56] ЗАГРУЗКА — Загружено книг: 14
[2026-06-04 04:57:24] СТАРТ — Контроллер инициализирован, источник: ListBookDAO
[2026-06-04 04:57:24] ЗАГРУЗКА — Загружено книг: 14
[2026-06-04 04:57:34] ДОБАВЛЕНИЕ — Книга: "test" id=15
[2026-06-04 04:57:39] СТАРТ — Контроллер инициализирован, источник: FileBookDAO
[2026-06-04 04:57:39] ЗАГРУЗКА — Загружено книг: 0
[2026-06-04 04:57:41] ДОБАВЛЕНИЕ — Книга: "test" id=1
[2026-06-04 04:57:47] СТАРТ — Контроллер инициализирован, источник: DatabaseBookDAO
[2026-06-04 04:57:47] ЗАГРУЗКА — Загружено книг: 14
[2026-06-04 04:57:49] ДОБАВЛЕНИЕ — Книга: "test" id=15
[2026-06-04 04:57:54] СТАРТ — Контроллер инициализирован, источник: ListBookDAO
[2026-06-04 04:57:54] ЗАГРУЗКА — Загружено книг: 15
[2026-06-04 04:58:00] СТАРТ — Контроллер инициализирован, источник: FileBookDAO
[2026-06-04 04:58:00] ЗАГРУЗКА — Загружено книг: 1
[2026-06-04 04:58:06] СТАРТ — Контроллер инициализирован, источник: FileBookDAO
[2026-06-04 04:58:06] ЗАГРУЗКА — Загружено книг: 1
[2026-06-04 04:58:08] ДОБАВЛЕНИЕ — Книга: "test23123" id=2
[2026-06-04 04:58:11] СТАРТ — Контроллер инициализирован, источник: ListBookDAO
[2026-06-04 04:58:11] ЗАГРУЗКА — Загружено книг: 15
[2026-06-04 04:58:17] СТАРТ — Контроллер инициализирован, источник: ListBookDAO
[2026-06-04 04:58:17] ЗАГРУЗКА — Загружено книг: 15
[2026-06-04 04:58:23] СТАРТ — Контроллер инициализирован, источник: FileBookDAO
[2026-06-04 04:58:23] ЗАГРУЗКА — Загружено книг: 2
[2026-06-04 04:58:35] ДОБАВЛЕНИЕ — Книга: "tesqweqweq" id=3
[2026-06-04 04:58:44] СТАРТ — Контроллер инициализирован, источник: FileBookDAO
[2026-06-04 04:58:44] ЗАГРУЗКА — Загружено книг: 3
[2026-06-04 04:58:46] ДОБАВЛЕНИЕ — Книга: "qweq" id=4
[2026-06-04 04:58:51] СТАРТ — Контроллер инициализирован, источник: DatabaseBookDAO
[2026-06-04 04:58:51] ЗАГРУЗКА — Загружено книг: 15
[2026-06-04 04:58:56] СТАРТ — Контроллер инициализирован, источник: ListBookDAO
[2026-06-04 04:58:56] ЗАГРУЗКА — Загружено книг: 15
[2026-06-04 04:59:09] СТАРТ — Контроллер инициализирован, источник: FileBookDAO
[2026-06-04 04:59:09] ЗАГРУЗКА — Загружено книг: 4
[2026-06-04 04:59:13] СТАРТ — Контроллер инициализирован, источник: ListBookDAO
[2026-06-04 04:59:13] ЗАГРУЗКА — Загружено книг: 15
[2026-06-04 04:59:20] СТАРТ — Контроллер инициализирован, источник: DatabaseBookDAO
[2026-06-04 04:59:20] ЗАГРУЗКА — Загружено книг: 15
[2026-06-04 04:59:28] УДАЛЕНИЕ — Книга: "Мастер и Маргарита"
[2026-06-04 04:59:29] УДАЛЕНИЕ — Книга: "Преступление и наказание"
[2026-06-04 04:59:30] УДАЛЕНИЕ — Книга: "Война и мир"
[2026-06-04 04:59:30] УДАЛЕНИЕ — Книга: "Анна Каренина"
[2026-06-04 04:59:30] УДАЛЕНИЕ — Книга: "Братья Карамазовы"
[2026-06-04 04:59:30] УДАЛЕНИЕ — Книга: "Евгений Онегин"
[2026-06-04 04:59:30] УДАЛЕНИЕ — Книга: "Мёртвые души"
[2026-06-04 04:59:31] УДАЛЕНИЕ — Книга: "Отцы и дети"
[2026-06-04 04:59:32] СТАРТ — Контроллер инициализирован, источник: DatabaseBookDAO
[2026-06-04 04:59:32] ЗАГРУЗКА — Загружено книг: 7
[2026-06-04 04:59:37] СТАРТ — Контроллер инициализирован, источник: FileBookDAO
[2026-06-04 04:59:37] ЗАГРУЗКА — Загружено книг: 4
[2026-06-04 04:59:40] СТАРТ — Контроллер инициализирован, источник: ListBookDAO
[2026-06-04 04:59:40] ЗАГРУЗКА — Загружено книг: 15
[2026-06-04 04:59:44] УДАЛЕНИЕ — Книга: "Мастер и Маргарита"
[2026-06-04 04:59:44] УДАЛЕНИЕ — Книга: "Преступление и наказание"
[2026-06-04 04:59:44] УДАЛЕНИЕ — Книга: "Война и мир"
[2026-06-04 04:59:44] УДАЛЕНИЕ — Книга: "Анна Каренина"
[2026-06-04 04:59:45] УДАЛЕНИЕ — Книга: "Братья Карамазовы"
[2026-06-04 04:59:45] УДАЛЕНИЕ — Книга: "Евгений Онегин"
[2026-06-04 04:59:46] УДАЛЕНИЕ — Книга: "Мёртвые души"
[2026-06-04 04:59:47] СТАРТ — Контроллер инициализирован, источник: ListBookDAO
[2026-06-04 04:59:47] ЗАГРУЗКА — Загружено книг: 8
[2026-06-04 04:59:51] СТАРТ — Контроллер инициализирован, источник: FileBookDAO
[2026-06-04 04:59:51] ЗАГРУЗКА — Загружено книг: 4
[2026-06-04 04:59:53] СТАРТ — Контроллер инициализирован, источник: FileBookDAO
[2026-06-04 04:59:53] ЗАГРУЗКА — Загружено книг: 4
[2026-06-04 04:59:55] СТАРТ — Контроллер инициализирован, источник: ListBookDAO
[2026-06-04 04:59:55] ЗАГРУЗКА — Загружено книг: 8
[2026-06-04 04:59:59] СТАРТ — Контроллер инициализирован, источник: DatabaseBookDAO
[2026-06-04 04:59:59] ЗАГРУЗКА — Загружено книг: 7
[2026-06-04 05:00:13] ДОБАВЛЕНИЕ — Книга: "qweq" id=16
[2026-06-04 05:04:42] СТАРТ — Контроллер инициализирован, источник: ListBookDAO
[2026-06-04 05:04:42] ЗАГРУЗКА — Загружено книг: 14
[2026-06-04 05:04:47] СТАРТ — Контроллер инициализирован, источник: FileBookDAO
[2026-06-04 05:04:47] ЗАГРУЗКА — Загружено книг: 4
[2026-06-04 05:04:50] СТАРТ — Контроллер инициализирован, источник: DatabaseBookDAO
[2026-06-04 05:04:50] ЗАГРУЗКА — Загружено книг: 8
[2026-06-04 05:04:56] СТАРТ — Контроллер инициализирован, источник: ListBookDAO
[2026-06-04 05:04:56] ЗАГРУЗКА — Загружено книг: 14
[2026-06-04 05:05:04] СТАРТ — Контроллер инициализирован, источник: FileBookDAO
[2026-06-04 05:05:04] ЗАГРУЗКА — Загружено книг: 14
[2026-06-04 05:05:09] СТАРТ — Контроллер инициализирован, источник: DatabaseBookDAO
[2026-06-04 05:05:09] ЗАГРУЗКА — Загружено книг: 14
[2026-06-04 13:44:01] СТАРТ — Контроллер инициализирован, источник: FileBookDAO
[2026-06-04 13:44:01] ЗАГРУЗКА — Загружено книг: 14
[2026-06-04 13:44:06] СТАРТ — Контроллер инициализирован, источник: DatabaseBookDAO
[2026-06-04 13:44:06] ЗАГРУЗКА — Загружено книг: 14
[2026-06-04 13:44:10] СТАРТ — Контроллер инициализирован, источник: ListBookDAO
[2026-06-04 13:44:10] ЗАГРУЗКА — Загружено книг: 14
[2026-06-04 13:44:31] ДОБАВЛЕНИЕ — Книга: "test" id=15
[2026-06-04 13:44:33] УДАЛЕНИЕ — Книга: "test"
