[2026-06-04 04:02:32] СТАРТ — Контроллер инициализирован, источник: BookDAO$MockitoMock$bsjZbKtG
[2026-06-04 04:02:32] СТАТУС — Книга: "Тест" → Выдана
[2026-06-04 04:02:32] СТАРТ — Контроллер инициализирован, источник: BookDAO$MockitoMock$bsjZbKtG
[2026-06-04 04:02:32] УДАЛЕНИЕ — Книга: "Тест"
[2026-06-04 04:02:32] СТАРТ — Контроллер инициализирован, источник: BookDAO$MockitoMock$bsjZbKtG
[2026-06-04 04:02:32] ДОБАВЛЕНИЕ — Книга: "Новая книга" id=3
[2026-06-04 04:02:32] СТАРТ — Контроллер инициализирован, источник: BookDAO$MockitoMock$bsjZbKtG
[2026-06-04 04:02:32] СТАТУС — Книга: "Другая" → Доступна
[2026-06-04 04:02:32] СТАРТ — Контроллер инициализирован, источник: BookDAO$MockitoMock$bsjZbKtG
[2026-06-04 04:02:32] ЗАГРУЗКА — Загружено книг: 2
[2026-06-04 04:02:51] СТАРТ — Контроллер инициализирован, источник: BookDAO$MockitoMock$zgumApg7
[2026-06-04 04:02:51] УДАЛЕНИЕ — Книга: "Тест"
[2026-06-04 04:02:51] СТАРТ — Контроллер инициализирован, источник: BookDAO$MockitoMock$zgumApg7
[2026-06-04 04:02:51] ЗАГРУЗКА — Загружено книг: 2
[2026-06-04 04:02:51] СТАРТ — Контроллер инициализирован, источник: BookDAO$MockitoMock$zgumApg7
[2026-06-04 04:02:51] ДОБАВЛЕНИЕ — Книга: "Новая" id=3
[2026-06-04 04:02:51] СТАРТ — Контроллер инициализирован, источник: BookDAO$MockitoMock$zgumApg7
[2026-06-04 04:02:51] СТАТУС — Книга: "Тест" → Выдана
[2026-06-04 04:02:51] СТАРТ — Контроллер инициализирован, источник: BookDAO$MockitoMock$zgumApg7
[2026-06-04 04:02:51] СТАТУС — Книга: "Другая" → Доступна
[2026-06-04 04:03:39] СТАРТ — Контроллер инициализирован, источник: BookDAO$MockitoMock$TAm0nzzQ
[2026-06-04 04:03:39] СТАТУС — Книга: "Тест" → Выдана
[2026-06-04 04:03:39] СТАРТ — Контроллер инициализирован, источник: BookDAO$MockitoMock$TAm0nzzQ
[2026-06-04 04:03:39] УДАЛЕНИЕ — Книга: "Тест"
[2026-06-04 04:03:39] СТАРТ — Контроллер инициализирован, источник: BookDAO$MockitoMock$TAm0nzzQ
[2026-06-04 04:03:40] ДОБАВЛЕНИЕ — Книга: "Новая книга" id=3
[2026-06-04 04:03:40] СТАРТ — Контроллер инициализирован, источник: BookDAO$MockitoMock$TAm0nzzQ
[2026-06-04 04:03:40] СТАТУС — Книга: "Другая" → Доступна
[2026-06-04 04:03:40] СТАРТ — Контроллер инициализирован, источник: BookDAO$MockitoMock$TAm0nzzQ
[2026-06-04 04:03:40] ЗАГРУЗКА — Загружено книг: 2
